#
# There is insufficient memory for the Java Runtime Environment to continue.
# Native memory allocation (mmap) failed to map 201326592 bytes for G1 virtual space
# Possible reasons:
#   The system is out of physical RAM or swap space
#   The process is running with CompressedOops enabled, and the Java Heap may be blocking the growth of the native heap
# Possible solutions:
#   Reduce memory load on the system
#   Increase physical memory or swap space
#   Check if swap backing store is full
#   Decrease Java heap size (-Xmx/-Xms)
#   Decrease number of Java threads
#   Decrease Java thread stack sizes (-Xss)
#   Set larger code cache with -XX:ReservedCodeCacheSize=
#   JVM is running with Zero Based Compressed Oops mode in which the Java heap is
#     placed in the first 32GB address space. The Java Heap base address is the
#     maximum limit for the native heap growth. Please use -XX:HeapBaseMinAddress
#     to set the Java Heap base and to place the Java Heap above 32GB virtual address.
# This output file may be truncated or incomplete.
#
#  Out of Memory Error (./open/src/hotspot/os/windows/os_windows.cpp:3472), pid=11696, tid=12040
#
# JRE version:  (15.0.1+9) (build )
# Java VM: OpenJDK 64-Bit Server VM (15.0.1+9-18, mixed mode, sharing, tiered, compressed oops, g1 gc, windows-amd64)
# No core dump will be written. Minidumps are not enabled by default on client versions of Windows
#

---------------  S U M M A R Y ------------

Command Line: -javaagent:C:\Program Files\JetBrains\IntelliJ IDEA Community Edition 2020.2.3\lib\idea_rt.jar=52569:C:\Program Files\JetBrains\IntelliJ IDEA Community Edition 2020.2.3\bin -Dfile.encoding=UTF-8 com.Dungnm.Main

Host: Intel(R) Core(TM) i7-3740QM CPU @ 2.70GHz, 8 cores, 11G,  Windows 10 , 64 bit Build 19041 (10.0.19041.662)
Time: Tue Feb  2 16:38:46 2021 SE Asia Standard Time elapsed time: 0.015433 seconds (0d 0h 0m 0s)

---------------  T H R E A D  ---------------

Current thread (0x0000022e24d9f360):  JavaThread "Unknown thread" [_thread_in_vm, id=12040, stack(0x000000c1a7900000,0x000000c1a7a00000)]

Stack: [0x000000c1a7900000,0x000000c1a7a00000]
Native frames: (J=compiled Java code, j=interpreted, Vv=VM code, C=native code)
V  [jvm.dll+0x62ae9a]
V  [jvm.dll+0x781389]
V  [jvm.dll+0x782ae3]
V  [jvm.dll+0x783143]
V  [jvm.dll+0x216265]
V  [jvm.dll+0x6281d9]
V  [jvm.dll+0x61cd15]
V  [jvm.dll+0x2d01fd]
V  [jvm.dll+0x2d0062]
V  [jvm.dll+0x2d603c]
V  [jvm.dll+0x325b2a]
V  [jvm.dll+0x3251f4]
V  [jvm.dll+0x2a717a]
V  [jvm.dll+0x2a8318]
V  [jvm.dll+0x75e101]
V  [jvm.dll+0x3343e4]
V  [jvm.dll+0x73e826]
V  [jvm.dll+0x3b7777]
V  [jvm.dll+0x3b9201]
C  [jli.dll+0x52fb]
C  [ucrtbase.dll+0x214c2]
C  [KERNEL32.DLL+0x17034]
C  [ntdll.dll+0x4d0d1]


---------------  P R O C E S S  ---------------

Threads class SMR info:
_java_thread_list=0x00007ffadd444ff0, length=0, elements={
}

Java Threads: ( => current thread )

Other Threads:
  0x0000022e24de3c90 GCTaskThread "GC Thread#0" [stack: 0x000000c1a7a00000,0x000000c1a7b00000] [id=4048]
  0x0000022e24df0b70 ConcurrentGCThread "G1 Main Marker" [stack: 0x000000c1a7b00000,0x000000c1a7c00000] [id=9120]
  0x0000022e24df1e10 ConcurrentGCThread "G1 Conc#0" [stack: 0x000000c1a7c00000,0x000000c1a7d00000] [id=2248]

[error occurred during error reporting (printing all threads), id 0xc0000005, EXCEPTION_ACCESS_VIOLATION (0xc0000005) at pc=0x00007ffadcc38047]

VM state: not at safepoint (not fully initialized)

VM Mutex/Monitor currently owned by a thread:  ([mutex/lock_event])
[0x0000022e24d9ad80] Heap_lock - owner thread: 0x0000022e24d9f360

Heap address: 0x0000000741800000, size: 3048 MB, Compressed Oops mode: Zero based, Oop shift amount: 3
CDS archive(s) mapped at: [0x0000000000000000-0x0000000000000000-0x0000000000000000), size 0, SharedBaseAddress: 0x0000000800000000, ArchiveRelocationMode: 0.
Narrow klass base: 0x0000000000000000, Narrow klass shift: 0, Narrow klass range: 0x0

Heap:
 garbage-first heap   total 196608K, used 0K [0x0000000741800000, 0x0000000800000000)
  region size 2048K, 0 young (0K), 0 survivors (0K)
 Metaspace       used 0K, capacity 0K, committed 0K, reserved 0K
  class space    used 0K, capacity 0K, committed 0K, reserved 0K

Heap Regions: E=young(eden), S=young(survivor), O=old, HS=humongous(starts), HC=humongous(continues), CS=collection set, F=free, OA=open archive, CA=closed archive, TAMS=top-at-mark-start (previous, next)

Card table byte_map: [0x0000022e3e840000,0x0000022e3ee40000] _byte_map_base: 0x0000022e3ae34000

Marking Bits (Prev, Next): (CMBitMap*) 0x0000022e24de4390, (CMBitMap*) 0x0000022e24de43d0
 Prev Bits: [0x0000022e3f440000, 0x0000022e423e0000)
 Next Bits: [0x0000022e423e0000, 0x0000022e45380000)

GC Heap History (0 events):
No events

Deoptimization events (0 events):
No events

Classes unloaded (0 events):
No events

Classes redefined (0 events):
No events

Internal exceptions (0 events):
No events

Events (1 events):
Event: 0.009 Loaded shared library C:\Users\dungd\.jdks\openjdk-15.0.1\bin\java.dll


Dynamic libraries:
0x00007ff6058f0000 - 0x00007ff6058fd000 	C:\Users\dungd\.jdks\openjdk-15.0.1\bin\java.exe
0x00007ffb230d0000 - 0x00007ffb232c6000 	C:\WINDOWS\SYSTEM32\ntdll.dll
0x00007ffb22cb0000 - 0x00007ffb22d6d000 	C:\WINDOWS\System32\KERNEL32.DLL
0x00007ffb20d70000 - 0x00007ffb21039000 	C:\WINDOWS\System32\KERNELBASE.dll
0x00007ffb20a50000 - 0x00007ffb20b50000 	C:\WINDOWS\System32\ucrtbase.dll
0x00007ffb125a0000 - 0x00007ffb125b9000 	C:\Users\dungd\.jdks\openjdk-15.0.1\bin\VCRUNTIME140.dll
0x00007ffb125c0000 - 0x00007ffb125d8000 	C:\Users\dungd\.jdks\openjdk-15.0.1\bin\jli.dll
0x00007ffb22e50000 - 0x00007ffb22ff0000 	C:\WINDOWS\System32\USER32.dll
0x00007ffb20a20000 - 0x00007ffb20a42000 	C:\WINDOWS\System32\win32u.dll
0x00007ffb13a30000 - 0x00007ffb13ccb000 	C:\WINDOWS\WinSxS\amd64_microsoft.windows.common-controls_6595b64144ccf1df_6.0.19041.746_none_ca02b4b61b8320a4\COMCTL32.dll
0x00007ffb23060000 - 0x00007ffb2308a000 	C:\WINDOWS\System32\GDI32.dll
0x00007ffb22ad0000 - 0x00007ffb22b6e000 	C:\WINDOWS\System32\msvcrt.dll
0x00007ffb20c60000 - 0x00007ffb20d6b000 	C:\WINDOWS\System32\gdi32full.dll
0x00007ffb21090000 - 0x00007ffb2112d000 	C:\WINDOWS\System32\msvcp_win.dll
0x00007ffb22a90000 - 0x00007ffb22ac0000 	C:\WINDOWS\System32\IMM32.DLL
0x00007ffb12590000 - 0x00007ffb1259c000 	C:\Users\dungd\.jdks\openjdk-15.0.1\bin\vcruntime140_1.dll
0x00007ffb0d550000 - 0x00007ffb0d5e1000 	C:\Users\dungd\.jdks\openjdk-15.0.1\bin\msvcp140.dll
0x00007ffadc980000 - 0x00007ffadd4de000 	C:\Users\dungd\.jdks\openjdk-15.0.1\bin\server\jvm.dll
0x00007ffb228e0000 - 0x00007ffb2298c000 	C:\WINDOWS\System32\ADVAPI32.dll
0x00007ffb22c00000 - 0x00007ffb22c9c000 	C:\WINDOWS\System32\sechost.dll
0x00007ffb227b0000 - 0x00007ffb228db000 	C:\WINDOWS\System32\RPCRT4.dll
0x00007ffb22ff0000 - 0x00007ffb22ff8000 	C:\WINDOWS\System32\PSAPI.DLL
0x00007ffb0dfa0000 - 0x00007ffb0dfa9000 	C:\WINDOWS\SYSTEM32\WSOCK32.dll
0x00007ffb15670000 - 0x00007ffb15697000 	C:\WINDOWS\SYSTEM32\WINMM.dll
0x00007ffb21cc0000 - 0x00007ffb21d2b000 	C:\WINDOWS\System32\WS2_32.dll
0x00007ffb19960000 - 0x00007ffb1996a000 	C:\WINDOWS\SYSTEM32\VERSION.dll
0x00007ffb1e730000 - 0x00007ffb1e742000 	C:\WINDOWS\SYSTEM32\kernel.appcore.dll
0x00007ffb11b00000 - 0x00007ffb11b0a000 	C:\Users\dungd\.jdks\openjdk-15.0.1\bin\jimage.dll
0x00007ffb0f370000 - 0x00007ffb0f554000 	C:\WINDOWS\SYSTEM32\DBGHELP.DLL
0x00007ffb0ef90000 - 0x00007ffb0efbc000 	C:\WINDOWS\SYSTEM32\dbgcore.DLL
0x00007ffb20840000 - 0x00007ffb208c0000 	C:\WINDOWS\System32\bcryptPrimitives.dll
0x00007ffb196a0000 - 0x00007ffb196ae000 	C:\Users\dungd\.jdks\openjdk-15.0.1\bin\instrument.dll
0x00007ffb11ad0000 - 0x00007ffb11af5000 	C:\Users\dungd\.jdks\openjdk-15.0.1\bin\java.dll

dbghelp: loaded successfully - version: 4.0.5 - missing functions: none
symbol engine: initialized successfully - sym options: 0x614 - pdb path: .;C:\Users\dungd\.jdks\openjdk-15.0.1\bin;C:\WINDOWS\SYSTEM32;C:\WINDOWS\WinSxS\amd64_microsoft.windows.common-controls_6595b64144ccf1df_6.0.19041.746_none_ca02b4b61b8320a4;C:\Users\dungd\.jdks\openjdk-15.0.1\bin\server

VM Arguments:
jvm_args: -javaagent:C:\Program Files\JetBrains\IntelliJ IDEA Community Edition 2020.2.3\lib\idea_rt.jar=52569:C:\Program Files\JetBrains\IntelliJ IDEA Community Edition 2020.2.3\bin -Dfile.encoding=UTF-8 
java_command: com.Dungnm.Main
java_class_path (initial): C:\Users\dungd\IdeaProjects\HakoApp\out\production\HakoApp;C:\Users\dungd\.m2\repository\org\jsoup\jsoup\1.13.1\jsoup-1.13.1.jar
Launcher Type: SUN_STANDARD

[Global flags]
     intx CICompilerCount                          = 4                                         {product} {ergonomic}
     uint ConcGCThreads                            = 2                                         {product} {ergonomic}
     uint G1ConcRefinementThreads                  = 8                                         {product} {ergonomic}
   size_t G1HeapRegionSize                         = 2097152                                   {product} {ergonomic}
    uintx GCDrainStackTargetSize                   = 64                                        {product} {ergonomic}
   size_t InitialHeapSize                          = 201326592                                 {product} {ergonomic}
   size_t MarkStackSize                            = 4194304                                   {product} {ergonomic}
   size_t MaxHeapSize                              = 3196059648                                {product} {ergonomic}
   size_t MinHeapDeltaBytes                        = 2097152                                   {product} {ergonomic}
   size_t MinHeapSize                              = 8388608                                   {product} {ergonomic}
    uintx NonNMethodCodeHeapSize                   = 5839372                                {pd product} {ergonomic}
    uintx NonProfiledCodeHeapSize                  = 122909434                              {pd product} {ergonomic}
    uintx ProfiledCodeHeapSize                     = 122909434                              {pd product} {ergonomic}
    uintx ReservedCodeCacheSize                    = 251658240                              {pd product} {ergonomic}
     bool SegmentedCodeCache                       = true                                      {product} {ergonomic}
   size_t SoftMaxHeapSize                          = 3196059648                             {manageable} {ergonomic}
     bool UseCompressedClassPointers               = true                                 {lp64_product} {ergonomic}
     bool UseCompressedOops                        = true                                 {lp64_product} {ergonomic}
     bool UseG1GC                                  = true                                      {product} {ergonomic}
     bool UseLargePagesIndividualAllocation        = false                                  {pd product} {ergonomic}

Logging:
Log output configuration:
 #0: stdout all=warning uptime,level,tags
 #1: stderr all=off uptime,level,tags

Environment Variables:
PATH=C:\WINDOWS\system32;C:\WINDOWS;C:\WINDOWS\System32\Wbem;C:\WINDOWS\System32\WindowsPowerShell\v1.0\;C:\WINDOWS\System32\OpenSSH\;C:\Program Files\Git\cmd;C:\Program Files\MySQL\MySQL Shell 8.0\bin\;C:\Users\dungd\AppData\Local\Microsoft\WindowsApps;C:\adb\platform-tools;C:\Program Files\JetBrains\IntelliJ IDEA Community Edition 2020.2.3\bin;;C:\Users\dungd\AppData\Local\Programs\Microsoft VS Code\bin;C:\Users\dungd\AppData\Local\GitHubDesktop\bin;C:\Users\dungd\AppData\Roaming\Microsoft\Windows\Start Menu\Programs\Python 3.9;C:\Users\dungd\AppData\Roaming\Microsoft\Windows\Start Menu\Programs\Python 3.9\Scripts\;
USERNAME=dungd
OS=Windows_NT
PROCESSOR_IDENTIFIER=Intel64 Family 6 Model 58 Stepping 9, GenuineIntel



---------------  S Y S T E M  ---------------

OS:
 Windows 10 , 64 bit Build 19041 (10.0.19041.662)
OS uptime: 0 days 1:10 hours
HyperV virtualization detected

CPU: total 8 (initial active 8) (4 cores per cpu, 2 threads per core) family 6 model 58 stepping 9 microcode 0x21, cmov, cx8, fxsr, mmx, sse, sse2, sse3, ssse3, sse4.1, sse4.2, popcnt, vzeroupper, avx, aes, clmul, erms, ht, tsc, tscinvbit, tscinv, clflush

Memory: 4k page, system-wide physical 12191M (1242M free)
TotalPageFile size 25453M (AvailPageFile size 7M)
current process WorkingSet (physical memory assigned to process): 10M, peak: 10M
current process commit charge ("private bytes"): 60M, peak: 252M

vm_info: OpenJDK 64-Bit Server VM (15.0.1+9-18) for windows-amd64 JRE (15.0.1+9-18), built on Sep 15 2020 14:39:31 by "mach5one" with unknown MS VC++:1925

END.
